[INFO 2020-04-16 10:36:34]初始化配置文件, path=/Users/test/work/API_Testframe/Conf/config.ini
[INFO 2020-04-16 10:36:36]解析yaml, Path:/Users/test/work/API_Testframe/Params/Yaml/Datas.yaml
[INFO 2020-04-16 10:38:03]初始化配置文件, path=/Users/test/work/API_Testframe/Conf/config.ini
[INFO 2020-04-16 10:38:04]解析yaml, Path:/Users/test/work/API_Testframe/Params/Yaml/Datas.yaml
[INFO 2020-04-16 10:48:52]初始化配置文件, path=/Users/test/work/API_Testframe/Conf/config.ini
[INFO 2020-04-16 10:48:54]解析yaml, Path:/Users/test/work/API_Testframe/Params/Yaml/Datas.yaml
[INFO 2020-04-16 10:52:27]初始化配置文件, path=/Users/test/work/API_Testframe/Conf/config.ini
[INFO 2020-04-16 10:52:28]解析yaml, Path:/Users/test/work/API_Testframe/Params/Yaml/Datas.yaml
[INFO 2020-04-16 10:52:47]初始化配置文件, path=/Users/test/work/API_Testframe/Conf/config.ini
[INFO 2020-04-16 10:52:48]解析yaml, Path:/Users/test/work/API_Testframe/Params/Yaml/Datas.yaml
[INFO 2020-04-16 10:57:17]初始化配置文件, path=/Users/test/work/API_Testframe/Conf/config.ini
[INFO 2020-04-16 10:57:18]解析yaml, Path:/Users/test/work/API_Testframe/Params/Yaml/Datas.yaml
[INFO 2020-04-16 11:00:53]初始化配置文件, path=/Users/test/work/API_Testframe/Conf/config.ini
[INFO 2020-04-16 11:00:54]解析yaml, Path:/Users/test/work/API_Testframe/Params/Yaml/Datas.yaml
[INFO 2020-04-16 11:41:01]初始化配置文件, path=/Users/test/work/API_Testframe/Conf/config.ini
[INFO 2020-04-16 11:41:02]解析yaml, Path:/Users/test/work/API_Testframe/Params/Yaml/Datas.yaml
[INFO 2020-04-16 11:42:57]初始化配置文件, path=/Users/test/work/API_Testframe/Conf/config.ini
[INFO 2020-04-16 11:42:57]解析yaml, Path:/Users/test/work/API_Testframe/Params/Yaml/Datas.yaml
[INFO 2020-04-16 13:30:07]初始化配置文件, path=/Users/test/work/API_Testframe/Conf/config.ini
[INFO 2020-04-16 13:30:07]解析yaml, Path:/Users/test/work/API_Testframe/Params/Yaml/Datas.yaml
[ERROR 2020-04-16 13:30:12]邮件发送失败，请检查邮件配置
[INFO 2020-04-16 13:33:58]初始化配置文件, path=/Users/test/work/API_Testframe/Conf/config.ini
[INFO 2020-04-16 13:33:59]解析yaml, Path:/Users/test/work/API_Testframe/Params/Yaml/Datas.yaml
[INFO 2020-04-16 13:34:03]邮件发送成功
[INFO 2020-04-16 13:57:10]初始化配置文件, path=/Users/test/work/API_Testframe/Conf/config.ini
[INFO 2020-04-16 13:57:10]解析yaml, Path:/Users/test/work/API_Testframe/Params/Yaml/Datas.yaml
[INFO 2020-04-16 13:57:15]邮件发送成功
[INFO 2020-04-16 14:13:20]初始化配置文件, path=/Users/test/work/API_Testframe/Conf/config.ini
[INFO 2020-04-16 14:13:21]解析yaml, Path:/Users/test/work/API_Testframe/Params/Yaml/Datas.yaml
[INFO 2020-04-16 14:13:25]邮件发送成功
[INFO 2020-04-16 14:24:55]初始化配置文件, path=/Users/test/work/API_Testframe/Conf/config.ini
[INFO 2020-04-16 14:24:56]解析yaml, Path:/Users/test/work/API_Testframe/Params/Yaml/Datas.yaml
[INFO 2020-04-16 14:25:00]邮件发送成功
[INFO 2020-04-16 14:57:38]初始化配置文件, path=/Users/test/work/API_Testframe/Conf/config.ini
[INFO 2020-04-16 14:57:39]解析yaml, Path:/Users/test/work/API_Testframe/Params/Yaml/Datas.yaml
[INFO 2020-04-16 14:58:10]初始化配置文件, path=/Users/test/work/API_Testframe/Conf/config.ini
[INFO 2020-04-16 14:58:11]解析yaml, Path:/Users/test/work/API_Testframe/Params/Yaml/Datas.yaml
[INFO 2020-04-16 14:58:45]初始化配置文件, path=/Users/test/work/API_Testframe/Conf/config.ini
[INFO 2020-04-16 14:58:46]解析yaml, Path:/Users/test/work/API_Testframe/Params/Yaml/Datas.yaml
[INFO 2020-04-16 14:58:49]邮件发送成功
[INFO 2020-04-16 15:04:10]初始化配置文件, path=/Users/test/work/API_Testframe/Conf/config.ini
[INFO 2020-04-16 15:04:10]解析yaml, Path:/Users/test/work/API_Testframe/Params/Yaml/Datas.yaml
[INFO 2020-04-16 15:04:15]邮件发送成功
[INFO 2020-04-16 15:08:06]初始化配置文件, path=/Users/test/work/API_Testframe/Conf/config.ini
[INFO 2020-04-16 15:08:07]解析yaml, Path:/Users/test/work/API_Testframe/Params/Yaml/Datas.yaml
[INFO 2020-04-16 15:08:11]邮件发送成功
[INFO 2020-04-16 15:25:06]初始化配置文件, path=/Users/test/work/API_Testframe/Conf/config.ini
[INFO 2020-04-16 15:25:07]解析yaml, Path:/Users/test/work/API_Testframe/Params/Yaml/Datas.yaml
[INFO 2020-04-16 15:25:12]邮件发送成功
[INFO 2020-04-16 15:25:37]初始化配置文件, path=/Users/test/work/API_Testframe/Conf/config.ini
[INFO 2020-04-16 15:25:37]解析yaml, Path:/Users/test/work/API_Testframe/Params/Yaml/Datas.yaml
[INFO 2020-04-16 15:25:41]邮件发送成功
[INFO 2020-04-16 15:27:11]初始化配置文件, path=/Users/test/work/API_Testframe/Conf/config.ini
[INFO 2020-04-16 15:27:11]解析yaml, Path:/Users/test/work/API_Testframe/Params/Yaml/Datas.yaml
[ERROR 2020-04-16 15:27:14]发送邮件失败，请检查邮件配置
[INFO 2020-04-16 15:27:53]初始化配置文件, path=/Users/test/work/API_Testframe/Conf/config.ini
[INFO 2020-04-16 15:27:54]解析yaml, Path:/Users/test/work/API_Testframe/Params/Yaml/Datas.yaml
[INFO 2020-04-16 15:27:57]邮件发送成功
[INFO 2020-04-16 15:28:34]初始化配置文件, path=/Users/test/work/API_Testframe/Conf/config.ini
[INFO 2020-04-16 15:28:34]解析yaml, Path:/Users/test/work/API_Testframe/Params/Yaml/Datas.yaml
[INFO 2020-04-16 15:28:38]邮件发送成功
[INFO 2020-04-16 15:30:13]初始化配置文件, path=/Users/test/work/API_Testframe/Conf/config.ini
[INFO 2020-04-16 15:30:13]解析yaml, Path:/Users/test/work/API_Testframe/Params/Yaml/Datas.yaml
[INFO 2020-04-16 15:30:17]邮件发送成功
[INFO 2020-04-16 15:33:48]初始化配置文件, path=/Users/test/work/API_Testframe/Conf/config.ini
[INFO 2020-04-16 15:33:48]解析yaml, Path:/Users/test/work/API_Testframe/Params/Yaml/Datas.yaml
[INFO 2020-04-16 15:33:53]邮件发送成功
[INFO 2020-04-16 16:08:36]初始化配置文件, path=/Users/test/work/API_Testframe/Conf/config.ini
[INFO 2020-04-16 16:08:36]解析yaml, Path:/Users/test/work/API_Testframe/Params/Yaml/Datas.yaml
[INFO 2020-04-16 16:08:41]邮件发送成功
[INFO 2020-04-16 16:17:53]解析yaml, Path:/Users/test/work/API_Testframe/Params/Yaml/Datas.yaml
[INFO 2020-04-17 11:20:21]初始化配置文件, path=/Users/test/work/API_Testframe/Conf/config.ini
[INFO 2020-04-17 11:20:22]解析yaml, Path:/Users/test/work/API_Testframe/Params/Yaml/Datas.yaml
[INFO 2020-04-17 11:20:27]邮件发送成功
[INFO 2020-04-17 11:21:19]初始化配置文件, path=/Users/test/work/API_Testframe/Conf/config.ini
[INFO 2020-04-17 11:21:20]解析yaml, Path:/Users/test/work/API_Testframe/Params/Yaml/Datas.yaml
[INFO 2020-04-17 11:21:23]邮件发送成功
[INFO 2020-04-17 11:24:17]初始化配置文件, path=/Users/test/work/API_Testframe/Conf/config.ini
[INFO 2020-04-17 11:24:17]解析yaml, Path:/Users/test/work/API_Testframe/Params/Yaml/Datas.yaml
[INFO 2020-04-20 10:12:18]初始化配置文件, path=/Users/test/work/API_Testframe/Conf/config.ini
[INFO 2020-04-20 10:12:18]解析yaml, Path:/Users/test/work/API_Testframe/Params/Yaml/Datas.yaml
[INFO 2020-04-20 10:14:33]初始化配置文件, path=/Users/test/work/API_Testframe/Conf/config.ini
[INFO 2020-04-20 10:14:34]解析yaml, Path:/Users/test/work/API_Testframe/Params/Yaml/Datas.yaml
[INFO 2020-04-20 10:14:37]邮件发送成功
[INFO 2020-04-23 14:55:19]初始化配置文件, path=/Users/test/work/API_Testframe/Conf/config.ini
[INFO 2020-04-23 14:55:20]解析yaml, Path:/Users/test/work/API_Testframe/Params/Yaml/Datas.yaml
[INFO 2020-04-23 14:56:33]初始化配置文件, path=/Users/test/work/API_Testframe/Conf/config.ini
[INFO 2020-04-23 14:56:34]解析yaml, Path:/Users/test/work/API_Testframe/Params/Yaml/Datas.yaml
[INFO 2020-04-23 14:57:08]初始化配置文件, path=/Users/test/work/API_Testframe/Conf/config.ini
[INFO 2020-04-23 14:57:08]解析yaml, Path:/Users/test/work/API_Testframe/Params/Yaml/Datas.yaml
[INFO 2020-04-23 14:58:48]初始化配置文件, path=/Users/test/work/API_Testframe/Conf/config.ini
[INFO 2020-04-23 14:58:48]解析yaml, Path:/Users/test/work/API_Testframe/Params/Yaml/Datas.yaml
[INFO 2020-04-23 15:04:11]初始化配置文件, path=/Users/test/work/API_Testframe/Conf/config.ini
[INFO 2020-04-23 15:04:11]解析yaml, Path:/Users/test/work/API_Testframe/Params/Yaml/Datas.yaml
[INFO 2020-04-23 15:08:30]初始化配置文件, path=/Users/test/work/API_Testframe/Conf/config.ini
[INFO 2020-04-23 15:08:30]解析yaml, Path:/Users/test/work/API_Testframe/Params/Yaml/Datas.yaml
[INFO 2020-04-23 15:11:22]初始化配置文件, path=/Users/test/work/API_Testframe/Conf/config.ini
[INFO 2020-04-23 15:11:23]解析yaml, Path:/Users/test/work/API_Testframe/Params/Yaml/Datas.yaml
[INFO 2020-04-23 15:15:52]解析yaml, Path:/Users/test/work/API_Testframe/Params/Yaml/Datas.yaml
[INFO 2020-04-23 15:16:26]解析yaml, Path:/Users/test/work/API_Testframe/Params/Yaml/Datas.yaml
[INFO 2020-04-23 15:17:14]解析yaml, Path:/Users/test/work/API_Testframe/Params/Yaml/Datas.yaml
[INFO 2020-04-23 15:17:18]初始化配置文件, path=/Users/test/work/API_Testframe/Conf/config.ini
[INFO 2020-04-23 15:17:18]解析yaml, Path:/Users/test/work/API_Testframe/Params/Yaml/Datas.yaml
[INFO 2020-04-23 15:19:44]初始化配置文件, path=/Users/test/work/API_Testframe/Conf/config.ini
[INFO 2020-04-23 15:19:45]解析yaml, Path:/Users/test/work/API_Testframe/Params/Yaml/Datas.yaml
[INFO 2020-04-23 15:20:27]初始化配置文件, path=/Users/test/work/API_Testframe/Conf/config.ini
[INFO 2020-04-23 15:20:28]解析yaml, Path:/Users/test/work/API_Testframe/Params/Yaml/Datas.yaml
[INFO 2020-04-23 15:22:15]初始化配置文件, path=/Users/test/work/API_Testframe/Conf/config.ini
[INFO 2020-04-23 15:22:16]解析yaml, Path:/Users/test/work/API_Testframe/Params/Yaml/Datas.yaml
[INFO 2020-04-23 15:22:34]初始化配置文件, path=/Users/test/work/API_Testframe/Conf/config.ini
[INFO 2020-04-23 15:22:35]解析yaml, Path:/Users/test/work/API_Testframe/Params/Yaml/Datas.yaml
[INFO 2020-04-23 15:23:40]初始化配置文件, path=/Users/test/work/API_Testframe/Conf/config.ini
[INFO 2020-04-23 15:23:40]解析yaml, Path:/Users/test/work/API_Testframe/Params/Yaml/Datas.yaml
[INFO 2020-04-23 15:25:07]初始化配置文件, path=/Users/test/work/API_Testframe/Conf/config.ini
[INFO 2020-04-23 15:25:07]解析yaml, Path:/Users/test/work/API_Testframe/Params/Yaml/Datas.yaml
[INFO 2020-04-23 15:25:24]初始化配置文件, path=/Users/test/work/API_Testframe/Conf/config.ini
[INFO 2020-04-23 15:25:25]解析yaml, Path:/Users/test/work/API_Testframe/Params/Yaml/Datas.yaml
[INFO 2020-04-23 15:26:55]初始化配置文件, path=/Users/test/work/API_Testframe/Conf/config.ini
[INFO 2020-04-23 15:27:10]初始化配置文件, path=/Users/test/work/API_Testframe/Conf/config.ini
[INFO 2020-04-23 15:27:10]解析yaml, Path:/Users/test/work/API_Testframe/Params/Yaml/Datas.yaml
[INFO 2020-04-23 15:27:35]初始化配置文件, path=/Users/test/work/API_Testframe/Conf/config.ini
[INFO 2020-04-23 15:27:35]解析yaml, Path:/Users/test/work/API_Testframe/Params/Yaml/Datas.yaml
[INFO 2020-04-23 15:28:25]初始化配置文件, path=/Users/test/work/API_Testframe/Conf/config.ini
[INFO 2020-04-23 15:28:25]解析yaml, Path:/Users/test/work/API_Testframe/Params/Yaml/Datas.yaml
[INFO 2020-04-23 15:29:15]初始化配置文件, path=/Users/test/work/API_Testframe/Conf/config.ini
[INFO 2020-04-23 15:29:15]解析yaml, Path:/Users/test/work/API_Testframe/Params/Yaml/Datas.yaml
[INFO 2020-04-23 15:38:06]初始化配置文件, path=/Users/test/work/API_Testframe/Conf/config.ini
[INFO 2020-04-23 15:38:07]解析yaml, Path:/Users/test/work/API_Testframe/Params/Yaml/Datas.yaml
[DEBUG 2020-04-24 16:05:06]cookies: {}
[INFO 2020-05-06 11:46:07]解析yaml, Path:/Users/test/work/API_Testframe/Params/Yaml/Datas.yaml
[INFO 2020-05-06 13:21:45]解析yaml, Path:/Users/test/work/API_Testframe/Params/Yaml/Datas.yaml
[INFO 2020-05-06 13:22:59]解析yaml, Path:/Users/test/work/API_Testframe/Params/Yaml/Datas.yaml
[INFO 2020-05-06 13:28:43]初始化配置文件, path=/Users/test/work/API_Testframe/Conf/config.ini
[INFO 2020-05-06 13:28:43]解析yaml, Path:/Users/test/work/API_Testframe/Params/Yaml/Datas.yaml
[INFO 2020-05-06 13:30:20]解析yaml, Path:/Users/test/work/API_Testframe/Params/Yaml/Datas.yaml
[INFO 2020-05-06 13:35:06]解析yaml, Path:/Users/test/work/API_Testframe/Params/Yaml/Datas.yaml
[INFO 2020-05-06 13:35:27]解析yaml, Path:/Users/test/work/API_Testframe/Params/Yaml/Datas.yaml
[INFO 2020-05-06 13:37:47]解析yaml, Path:/Users/test/work/API_Testframe/Params/Yaml/Datas.yaml
[INFO 2020-05-06 13:41:27]解析yaml, Path:/Users/test/work/API_Testframe/Params/Yaml/Datas.yaml
[INFO 2020-05-06 13:43:23]解析yaml, Path:/Users/test/work/API_Testframe/Params/Yaml/Datas.yaml
[INFO 2020-05-06 13:44:18]解析yaml, Path:/Users/test/work/API_Testframe/Params/Yaml/Datas.yaml
[INFO 2020-05-06 13:44:46]解析yaml, Path:/Users/test/work/API_Testframe/Params/Yaml/Datas.yaml
[INFO 2020-05-06 13:48:44]解析yaml, Path:/Users/test/work/API_Testframe/Params/Yaml/Datas.yaml
[INFO 2020-05-06 13:50:31]解析yaml, Path:/Users/test/work/API_Testframe/Params/Yaml/Datas.yaml
[INFO 2020-05-06 13:52:37]解析yaml, Path:/Users/test/work/API_Testframe/Params/Yaml/Datas.yaml
[INFO 2020-05-06 13:52:55]解析yaml, Path:/Users/test/work/API_Testframe/Params/Yaml/Datas.yaml
[INFO 2020-05-06 13:53:02]解析yaml, Path:/Users/test/work/API_Testframe/Params/Yaml/Datas.yaml
[INFO 2020-05-06 13:54:16]初始化配置文件, path=/Users/test/work/API_Testframe/Conf/config.ini
[INFO 2020-05-06 13:54:16]解析yaml, Path:/Users/test/work/API_Testframe/Params/Yaml/Datas.yaml
[INFO 2020-05-06 13:55:03]初始化配置文件, path=/Users/test/work/API_Testframe/Conf/config.ini
[INFO 2020-05-06 13:55:04]解析yaml, Path:/Users/test/work/API_Testframe/Params/Yaml/Datas.yaml
[DEBUG 2020-05-06 13:55:04]cookies: {}
[INFO 2020-05-06 13:56:17]初始化配置文件, path=/Users/test/work/API_Testframe/Conf/config.ini
[INFO 2020-05-06 13:56:18]解析yaml, Path:/Users/test/work/API_Testframe/Params/Yaml/Datas.yaml
[DEBUG 2020-05-06 13:56:19]cookies: {}
[INFO 2020-05-06 13:57:25]初始化配置文件, path=/Users/test/work/API_Testframe/Conf/config.ini
[INFO 2020-05-06 13:57:26]解析yaml, Path:/Users/test/work/API_Testframe/Params/Yaml/Datas.yaml
[DEBUG 2020-05-06 13:57:27]cookies: {}
[INFO 2020-05-06 14:05:03]初始化配置文件, path=/Users/test/work/API_Testframe/Conf/config.ini
[INFO 2020-05-06 14:05:04]解析yaml, Path:/Users/test/work/API_Testframe/Params/Yaml/Datas.yaml
[DEBUG 2020-05-06 14:05:05]cookies: {}
[INFO 2020-05-06 14:14:07]解析yaml, Path:/Users/test/work/API_Testframe/Params/Yaml/Datas.yaml
[INFO 2020-05-06 14:48:49]解析yaml, Path:/Users/test/work/API_Testframe/Params/Yaml/Datas.yaml
[INFO 2020-05-06 14:52:27]初始化配置文件, path=/Users/test/work/API_Testframe/Conf/config.ini
[INFO 2020-05-06 14:52:27]解析yaml, Path:/Users/test/work/API_Testframe/Params/Yaml/Datas.yaml
[DEBUG 2020-05-06 14:52:28]cookies: {}
[INFO 2020-05-07 09:56:54]解析yaml, Path:/Users/test/work/API_Testframe/Params/Yaml/Datas.yaml
[INFO 2020-05-07 09:59:16]解析yaml, Path:/Users/test/work/API_Testframe/Params/Yaml/Datas.yaml
[INFO 2020-05-07 09:59:33]解析yaml, Path:/Users/test/work/API_Testframe/Params/Yaml/Datas.yaml
[INFO 2020-11-18 15:47:47]初始化配置文件, path=/Users/test/work/API_Testframe/Conf/config.ini
[INFO 2020-11-18 15:47:48]解析yaml, Path:/Users/test/work/API_Testframe/Params/Yaml/Datas.yaml
[INFO 2020-11-18 15:47:57]邮件发送成功
[INFO 2020-11-18 15:48:58]初始化配置文件, path=/Users/test/work/API_Testframe/Conf/config.ini
[INFO 2020-11-18 15:48:58]解析yaml, Path:/Users/test/work/API_Testframe/Params/Yaml/Datas.yaml
[INFO 2020-11-18 15:49:05]邮件发送成功
[INFO 2020-11-18 15:49:57]初始化配置文件, path=/Users/test/work/API_Testframe/Conf/config.ini
[INFO 2020-11-18 15:49:58]解析yaml, Path:/Users/test/work/API_Testframe/Params/Yaml/Datas.yaml
[DEBUG 2020-11-18 15:49:59]cookies: {}
[DEBUG 2020-11-18 15:50:00]cookies: {}
[DEBUG 2020-11-18 15:50:00]cookies: {}
[INFO 2020-11-18 15:50:06]邮件发送成功
[INFO 2020-11-19 15:04:15]初始化配置文件, path=/Users/test/work/API_Testframe/Conf/config.ini
[INFO 2020-11-19 15:04:16]解析yaml, Path:/Users/test/work/API_Testframe/Params/Yaml/Datas.yaml
[DEBUG 2020-11-19 15:04:22]cookies: {}
[INFO 2020-11-19 15:06:42]初始化配置文件, path=/Users/test/work/API_Testframe/Conf/config.ini
[INFO 2020-11-19 15:06:43]解析yaml, Path:/Users/test/work/API_Testframe/Params/Yaml/Datas.yaml
[DEBUG 2020-11-19 15:06:44]cookies: {}
[INFO 2020-11-19 15:16:10]初始化配置文件, path=/Users/test/work/API_Testframe/Conf/config.ini
[INFO 2020-11-19 15:16:11]解析yaml, Path:/Users/test/work/API_Testframe/Params/Yaml/Datas.yaml
[DEBUG 2020-11-19 15:16:13]cookies: {}
[INFO 2020-11-19 15:26:24]初始化配置文件, path=/Users/test/work/API_Testframe/Conf/config.ini
[INFO 2020-11-19 15:26:24]解析yaml, Path:/Users/test/work/API_Testframe/Params/Yaml/Datas.yaml
[DEBUG 2020-11-19 15:26:25]cookies: {}
[INFO 2020-11-19 15:28:56]初始化配置文件, path=/Users/test/work/API_Testframe/Conf/config.ini
[INFO 2020-11-19 15:28:56]解析yaml, Path:/Users/test/work/API_Testframe/Params/Yaml/Datas.yaml
[INFO 2020-11-19 15:29:22]初始化配置文件, path=/Users/test/work/API_Testframe/Conf/config.ini
[INFO 2020-11-19 15:29:22]解析yaml, Path:/Users/test/work/API_Testframe/Params/Yaml/Datas.yaml
[DEBUG 2020-11-19 15:29:23]cookies: {}
[INFO 2020-11-19 15:32:36]初始化配置文件, path=/Users/test/work/API_Testframe/Conf/config.ini
[INFO 2020-11-19 15:32:37]解析yaml, Path:/Users/test/work/API_Testframe/Params/Yaml/Datas.yaml
[DEBUG 2020-11-19 15:32:38]cookies: {}
[INFO 2020-11-19 15:33:41]初始化配置文件, path=/Users/test/work/API_Testframe/Conf/config.ini
[INFO 2020-11-19 15:33:41]解析yaml, Path:/Users/test/work/API_Testframe/Params/Yaml/Datas.yaml
[DEBUG 2020-11-19 15:33:44]cookies: {}
[INFO 2020-11-19 15:34:48]初始化配置文件, path=/Users/test/work/API_Testframe/Conf/config.ini
[INFO 2020-11-19 15:34:49]解析yaml, Path:/Users/test/work/API_Testframe/Params/Yaml/Datas.yaml
[DEBUG 2020-11-19 15:34:49]cookies: {}
[INFO 2020-11-19 15:35:20]初始化配置文件, path=/Users/test/work/API_Testframe/Conf/config.ini
[INFO 2020-11-19 15:35:21]解析yaml, Path:/Users/test/work/API_Testframe/Params/Yaml/Datas.yaml
[DEBUG 2020-11-19 15:35:22]cookies: {}
[INFO 2020-11-19 15:39:21]初始化配置文件, path=/Users/test/work/API_Testframe/Conf/config.ini
[INFO 2020-11-19 15:39:21]解析yaml, Path:/Users/test/work/API_Testframe/Params/Yaml/Datas.yaml
[DEBUG 2020-11-19 15:39:23]cookies: {}
[INFO 2020-11-19 15:42:32]初始化配置文件, path=/Users/test/work/API_Testframe/Conf/config.ini
[INFO 2020-11-19 15:42:33]解析yaml, Path:/Users/test/work/API_Testframe/Params/Yaml/Datas.yaml
[DEBUG 2020-11-19 15:42:34]cookies: {}
[INFO 2020-11-19 15:43:01]初始化配置文件, path=/Users/test/work/API_Testframe/Conf/config.ini
[INFO 2020-11-19 15:43:02]解析yaml, Path:/Users/test/work/API_Testframe/Params/Yaml/Datas.yaml
[DEBUG 2020-11-19 15:43:02]cookies: {}
[INFO 2020-11-19 15:44:07]初始化配置文件, path=/Users/test/work/API_Testframe/Conf/config.ini
[INFO 2020-11-19 15:44:07]解析yaml, Path:/Users/test/work/API_Testframe/Params/Yaml/Datas.yaml
[DEBUG 2020-11-19 15:44:08]cookies: {}
[INFO 2020-11-19 15:47:45]初始化配置文件, path=/Users/test/work/API_Testframe/Conf/config.ini
[INFO 2020-11-19 15:47:46]解析yaml, Path:/Users/test/work/API_Testframe/Params/Yaml/Datas.yaml
[DEBUG 2020-11-19 15:47:48]cookies: {}
[INFO 2020-11-19 15:52:49]初始化配置文件, path=/Users/test/work/API_Testframe/Conf/config.ini
[INFO 2020-11-19 15:52:50]解析yaml, Path:/Users/test/work/API_Testframe/Params/Yaml/Datas.yaml
[DEBUG 2020-11-19 15:52:50]cookies: {}
[INFO 2020-11-19 15:53:28]初始化配置文件, path=/Users/test/work/API_Testframe/Conf/config.ini
[INFO 2020-11-19 15:53:28]解析yaml, Path:/Users/test/work/API_Testframe/Params/Yaml/Datas.yaml
[DEBUG 2020-11-19 15:53:29]cookies: {}
[INFO 2020-11-19 15:54:53]初始化配置文件, path=/Users/test/work/API_Testframe/Conf/config.ini
[INFO 2020-11-19 15:54:53]解析yaml, Path:/Users/test/work/API_Testframe/Params/Yaml/Datas.yaml
[DEBUG 2020-11-19 15:54:54]cookies: {}
[INFO 2020-11-19 15:56:16]初始化配置文件, path=/Users/test/work/API_Testframe/Conf/config.ini
[INFO 2020-11-19 15:56:32]初始化配置文件, path=/Users/test/work/API_Testframe/Conf/config.ini
[INFO 2020-11-19 15:56:33]解析yaml, Path:/Users/test/work/API_Testframe/Params/Yaml/Datas.yaml
[DEBUG 2020-11-19 15:56:34]cookies: {}
[INFO 2020-11-19 15:56:54]初始化配置文件, path=/Users/test/work/API_Testframe/Conf/config.ini
[INFO 2020-11-19 15:56:55]解析yaml, Path:/Users/test/work/API_Testframe/Params/Yaml/Datas.yaml
[DEBUG 2020-11-19 15:56:56]cookies: {}
[INFO 2020-11-19 16:17:40]初始化配置文件, path=/Users/test/work/API_Testframe/Conf/config.ini
[INFO 2020-11-19 16:17:41]解析yaml, Path:/Users/test/work/API_Testframe/Params/Yaml/Datas.yaml
[DEBUG 2020-11-19 16:17:43]cookies: {}
[INFO 2020-11-19 17:22:31]解析yaml, Path:/Users/test/work/API_Testframe/Params/Yaml/Datas.yaml
[DEBUG 2020-11-19 17:22:34]cookies: {}
[INFO 2020-11-19 17:24:25]解析yaml, Path:/Users/test/work/API_Testframe/Params/Yaml/Datas.yaml
[DEBUG 2020-11-19 17:24:26]cookies: {}
[INFO 2020-11-19 17:24:36]解析yaml, Path:/Users/test/work/API_Testframe/Params/Yaml/Datas.yaml
[INFO 2020-11-19 17:27:14]解析yaml, Path:/Users/test/work/API_Testframe/Params/Yaml/Datas.yaml
[DEBUG 2020-11-19 17:27:16]cookies: {}
[INFO 2020-11-20 11:03:46]初始化配置文件, path=/Users/test/work/API_Testframe/Conf/config.ini
[INFO 2020-11-20 11:03:51]邮件发送成功
[INFO 2020-11-20 11:09:33]初始化配置文件, path=/Users/test/work/API_Testframe/Conf/config.ini
[INFO 2020-11-20 11:09:38]邮件发送成功
[INFO 2020-11-20 11:10:34]初始化配置文件, path=/Users/test/work/API_Testframe/Conf/config.ini
[INFO 2020-11-20 11:10:34]解析yaml, Path:/Users/test/work/API_Testframe/Params/Yaml/Datas.yaml
[DEBUG 2020-11-20 11:10:36]cookies: {}
[INFO 2020-11-20 11:10:40]邮件发送成功
[INFO 2020-11-20 11:22:14]初始化配置文件, path=/Users/test/work/API_Testframe/Conf/config.ini
[INFO 2020-11-20 11:22:15]解析yaml, Path:/Users/test/work/API_Testframe/Params/Yaml/Datas.yaml
[DEBUG 2020-11-20 11:22:17]cookies: {}
[INFO 2020-11-20 11:22:23]邮件发送成功
[INFO 2020-11-20 11:25:04]初始化配置文件, path=/Users/test/work/API_Testframe/Conf/config.ini
[INFO 2020-11-20 11:25:05]解析yaml, Path:/Users/test/work/API_Testframe/Params/Yaml/Datas.yaml
[DEBUG 2020-11-20 11:25:06]cookies: {}
[INFO 2020-11-20 11:25:09]邮件发送成功
[INFO 2020-11-20 13:27:20]初始化配置文件, path=/Users/test/work/API_Testframe/Conf/config.ini
[INFO 2020-11-20 13:27:21]解析yaml, Path:/Users/test/work/API_Testframe/Params/Yaml/Datas.yaml
[INFO 2020-11-20 13:27:30]邮件发送成功
[INFO 2020-11-20 13:35:38]初始化配置文件, path=/Users/test/work/API_Testframe/Conf/config.ini
[INFO 2020-11-20 13:35:39]解析yaml, Path:/Users/test/work/API_Testframe/Params/Yaml/Datas.yaml
[INFO 2020-11-20 13:35:43]邮件发送成功
[INFO 2020-11-20 13:38:04]初始化配置文件, path=/Users/test/work/API_Testframe/Conf/config.ini
[INFO 2020-11-20 13:38:05]解析yaml, Path:/Users/test/work/API_Testframe/Params/Yaml/Datas.yaml
[INFO 2020-11-20 13:38:10]邮件发送成功
[INFO 2020-11-20 13:40:39]初始化配置文件, path=/Users/test/work/API_Testframe/Conf/config.ini
[INFO 2020-11-20 13:40:40]解析yaml, Path:/Users/test/work/API_Testframe/Params/Yaml/Datas.yaml
[INFO 2020-11-20 13:40:44]邮件发送成功
[INFO 2020-11-20 13:48:37]初始化配置文件, path=/Users/test/work/API_Testframe/Conf/config.ini
[INFO 2020-11-20 13:48:37]解析yaml, Path:/Users/test/work/API_Testframe/Params/Yaml/Datas.yaml
[INFO 2020-11-20 13:48:41]邮件发送成功
[INFO 2020-11-20 13:54:31]初始化配置文件, path=/Users/test/work/API_Testframe/Conf/config.ini
[INFO 2020-11-20 13:54:32]解析yaml, Path:/Users/test/work/API_Testframe/Params/Yaml/Datas.yaml
[INFO 2020-11-20 13:54:36]邮件发送成功
[INFO 2020-11-20 14:02:04]初始化配置文件, path=/Users/test/work/API_Testframe/Conf/config.ini
[INFO 2020-11-20 14:02:04]解析yaml, Path:/Users/test/work/API_Testframe/Params/Yaml/Datas.yaml
[INFO 2020-11-20 14:02:09]邮件发送成功
[INFO 2020-11-20 14:06:37]初始化配置文件, path=/Users/test/work/API_Testframe/Conf/config.ini
[INFO 2020-11-20 14:06:37]解析yaml, Path:/Users/test/work/API_Testframe/Params/Yaml/Datas.yaml
[INFO 2020-11-20 14:06:42]邮件发送成功
[INFO 2020-11-20 14:15:56]初始化配置文件, path=/Users/test/work/API_Testframe/Conf/config.ini
[INFO 2020-11-20 14:15:57]解析yaml, Path:/Users/test/work/API_Testframe/Params/Yaml/Datas.yaml
[INFO 2020-11-20 14:16:01]邮件发送成功
[INFO 2021-01-25 10:28:49]初始化配置文件, path=/Users/test/work/API_Testframe/Conf/config.ini
[INFO 2021-01-25 10:28:49]解析yaml, Path:/Users/test/work/API_Testframe/Params/Yaml/Datas.yaml
[ERROR 2021-01-25 10:29:22]发送邮件失败，请检查邮件配置
[INFO 2021-01-25 10:31:14]初始化配置文件, path=/Users/test/work/API_Testframe/Conf/config.ini
[INFO 2021-01-25 10:31:15]解析yaml, Path:/Users/test/work/API_Testframe/Params/Yaml/Datas.yaml
[INFO 2021-01-25 10:31:30]邮件发送成功
[INFO 2021-01-25 10:32:44]初始化配置文件, path=/Users/test/work/API_Testframe/Conf/config.ini
[INFO 2021-01-25 10:32:44]解析yaml, Path:/Users/test/work/API_Testframe/Params/Yaml/Datas.yaml
[INFO 2021-01-25 10:32:59]邮件发送成功
[INFO 2021-01-25 10:33:07]初始化配置文件, path=/Users/test/work/API_Testframe/Conf/config.ini
[INFO 2021-01-25 10:33:08]解析yaml, Path:/Users/test/work/API_Testframe/Params/Yaml/Datas.yaml
[INFO 2021-01-25 10:33:23]邮件发送成功
[INFO 2021-01-25 10:33:51]初始化配置文件, path=/Users/test/work/API_Testframe/Conf/config.ini
[INFO 2021-01-25 10:33:52]解析yaml, Path:/Users/test/work/API_Testframe/Params/Yaml/Datas.yaml
[INFO 2021-01-25 10:34:07]邮件发送成功
[INFO 2021-01-25 10:58:30]初始化配置文件, path=/Users/test/work/API_Testframe/Conf/config.ini
[INFO 2021-01-25 10:58:31]解析yaml, Path:/Users/test/work/API_Testframe/Params/Yaml/Datas.yaml
[INFO 2021-01-25 10:59:16]初始化配置文件, path=/Users/test/work/API_Testframe/Conf/config.ini
[INFO 2021-01-25 10:59:16]解析yaml, Path:/Users/test/work/API_Testframe/Params/Yaml/Datas.yaml
[INFO 2021-01-25 10:59:56]初始化配置文件, path=/Users/test/work/API_Testframe/Conf/config.ini
[INFO 2021-01-25 10:59:56]解析yaml, Path:/Users/test/work/API_Testframe/Params/Yaml/Datas.yaml
[INFO 2021-01-25 11:00:22]初始化配置文件, path=/Users/test/work/API_Testframe/Conf/config.ini
[INFO 2021-01-25 11:00:22]解析yaml, Path:/Users/test/work/API_Testframe/Params/Yaml/Datas.yaml
[INFO 2021-01-25 11:00:52]初始化配置文件, path=/Users/test/work/API_Testframe/Conf/config.ini
[INFO 2021-01-25 11:00:52]解析yaml, Path:/Users/test/work/API_Testframe/Params/Yaml/Datas.yaml
[INFO 2021-01-25 11:03:30]初始化配置文件, path=/Users/test/work/API_Testframe/Conf/config.ini
[INFO 2021-01-25 11:03:31]解析yaml, Path:/Users/test/work/API_Testframe/Params/Yaml/Datas.yaml
[INFO 2021-01-25 11:05:28]初始化配置文件, path=/Users/test/work/API_Testframe/Conf/config.ini
[INFO 2021-01-25 11:05:29]解析yaml, Path:/Users/test/work/API_Testframe/Params/Yaml/Datas.yaml
[INFO 2021-01-25 11:07:09]初始化配置文件, path=/Users/test/work/API_Testframe/Conf/config.ini
[INFO 2021-01-25 11:07:10]解析yaml, Path:/Users/test/work/API_Testframe/Params/Yaml/Datas.yaml
[INFO 2021-01-25 11:07:48]初始化配置文件, path=/Users/test/work/API_Testframe/Conf/config.ini
[INFO 2021-01-25 11:07:49]解析yaml, Path:/Users/test/work/API_Testframe/Params/Yaml/Datas.yaml
[INFO 2021-01-25 11:09:10]初始化配置文件, path=/Users/test/work/API_Testframe/Conf/config.ini
[INFO 2021-01-25 11:09:11]解析yaml, Path:/Users/test/work/API_Testframe/Params/Yaml/Datas.yaml
[INFO 2021-01-25 11:10:27]初始化配置文件, path=/Users/test/work/API_Testframe/Conf/config.ini
[INFO 2021-01-25 11:10:27]解析yaml, Path:/Users/test/work/API_Testframe/Params/Yaml/Datas.yaml
[INFO 2021-01-25 11:12:30]初始化配置文件, path=/Users/test/work/API_Testframe/Conf/config.ini
[INFO 2021-01-25 11:12:31]解析yaml, Path:/Users/test/work/API_Testframe/Params/Yaml/Datas.yaml
[INFO 2021-01-25 11:12:53]初始化配置文件, path=/Users/test/work/API_Testframe/Conf/config.ini
[INFO 2021-01-25 11:12:54]解析yaml, Path:/Users/test/work/API_Testframe/Params/Yaml/Datas.yaml
[INFO 2021-01-25 11:13:14]初始化配置文件, path=/Users/test/work/API_Testframe/Conf/config.ini
[INFO 2021-01-25 11:13:15]解析yaml, Path:/Users/test/work/API_Testframe/Params/Yaml/Datas.yaml
[INFO 2021-01-25 11:13:42]初始化配置文件, path=/Users/test/work/API_Testframe/Conf/config.ini
[INFO 2021-01-25 11:13:43]解析yaml, Path:/Users/test/work/API_Testframe/Params/Yaml/Datas.yaml
[INFO 2021-01-25 11:15:53]初始化配置文件, path=/Users/test/work/API_Testframe/Conf/config.ini
[INFO 2021-01-25 11:15:54]解析yaml, Path:/Users/test/work/API_Testframe/Params/Yaml/Datas.yaml
[INFO 2021-01-25 11:16:46]初始化配置文件, path=/Users/test/work/API_Testframe/Conf/config.ini
[INFO 2021-01-25 11:16:47]解析yaml, Path:/Users/test/work/API_Testframe/Params/Yaml/Datas.yaml
[INFO 2021-01-25 11:18:20]初始化配置文件, path=/Users/test/work/API_Testframe/Conf/config.ini
[INFO 2021-01-25 11:18:20]解析yaml, Path:/Users/test/work/API_Testframe/Params/Yaml/Datas.yaml
[INFO 2021-01-25 11:25:08]初始化配置文件, path=/Users/test/work/API_Testframe/Conf/config.ini
[INFO 2021-01-25 11:25:09]解析yaml, Path:/Users/test/work/API_Testframe/Params/Yaml/Datas.yaml
[INFO 2021-01-25 11:28:01]初始化配置文件, path=/Users/test/work/API_Testframe/Conf/config.ini
[INFO 2021-01-25 11:28:02]解析yaml, Path:/Users/test/work/API_Testframe/Params/Yaml/Datas.yaml
[INFO 2021-01-25 13:34:48]初始化配置文件, path=/Users/test/work/API_Testframe/Conf/config.ini
[INFO 2021-01-25 13:34:49]解析yaml, Path:/Users/test/work/API_Testframe/Params/Yaml/Datas.yaml
[INFO 2021-01-25 13:37:22]初始化配置文件, path=/Users/test/work/API_Testframe/Conf/config.ini
[INFO 2021-01-25 13:37:23]解析yaml, Path:/Users/test/work/API_Testframe/Params/Yaml/Datas.yaml
[ERROR 2021-01-25 13:37:25]statusCode error, expected_code is 201, statusCode is 400 
[INFO 2021-01-25 13:37:31]邮件发送成功
[INFO 2021-01-25 13:39:00]初始化配置文件, path=/Users/test/work/API_Testframe/Conf/config.ini
[INFO 2021-01-25 13:39:00]解析yaml, Path:/Users/test/work/API_Testframe/Params/Yaml/Datas.yaml
[ERROR 2021-01-25 13:39:02]statusCode error, expected_code is 201, statusCode is 400 
[INFO 2021-01-25 13:39:08]邮件发送成功
[INFO 2021-01-25 13:40:34]初始化配置文件, path=/Users/test/work/API_Testframe/Conf/config.ini
[INFO 2021-01-25 13:40:35]解析yaml, Path:/Users/test/work/API_Testframe/Params/Yaml/Datas.yaml
[ERROR 2021-01-25 13:40:36]statusCode error, expected_code is 201, statusCode is 400 
[INFO 2021-01-25 13:40:43]邮件发送成功
